[18:13:09] [main/INFO]: Loading tweak class name cpw.mods.fml.common.launcher.FMLTweaker
[18:13:09] [main/INFO]: Using primary tweak class name cpw.mods.fml.common.launcher.FMLTweaker
[18:13:09] [main/INFO]: Calling tweak class cpw.mods.fml.common.launcher.FMLTweaker
[18:13:09] [main/INFO]: Forge Mod Loader version 7.99.40.1614 for Minecraft 1.7.10 loading
[18:13:09] [main/INFO]: Java is OpenJDK 64-Bit Server VM, version 1.8.0_292, running on Windows 10:amd64:10.0, installed at C:\Users\ancie\.jabba\jdk\amazon-corretto@1.8.292-10.1\jre
[18:13:09] [main/INFO]: Loading tweak class name cpw.mods.fml.common.launcher.FMLInjectionAndSortingTweaker
[18:13:09] [main/INFO]: Loading tweak class name cpw.mods.fml.common.launcher.FMLDeobfTweaker
[18:13:09] [main/INFO]: Calling tweak class cpw.mods.fml.common.launcher.FMLInjectionAndSortingTweaker
[18:13:09] [main/INFO]: Calling tweak class cpw.mods.fml.common.launcher.FMLInjectionAndSortingTweaker
[18:13:09] [main/INFO]: Calling tweak class cpw.mods.fml.relauncher.CoreModManager$FMLPluginWrapper
[18:13:10] [main/INFO]: Found valid fingerprint for Minecraft Forge. Certificate fingerprint e3c3d50c7c986df74c645c0ac54639741c90a557
[18:13:10] [main/INFO]: Found valid fingerprint for Minecraft. Certificate fingerprint cd99959656f753dc28d863b46769f7f8fbaefcfc
[18:13:10] [main/INFO]: Calling tweak class cpw.mods.fml.relauncher.CoreModManager$FMLPluginWrapper
[18:13:10] [main/INFO]: Calling tweak class cpw.mods.fml.common.launcher.FMLDeobfTweaker
[18:13:10] [main/INFO]: [java.lang.Throwable$WrappedPrintStream:println:749]: java.lang.NoSuchMethodError: com.google.common.io.CharSource.readLines(Lcom/google/common/io/LineProcessor;)Ljava/lang/Object;
[18:13:10] [main/INFO]: [java.lang.Throwable$WrappedPrintStream:println:749]: 	at cpw.mods.fml.common.asm.transformers.AccessTransformer.processATFile(AccessTransformer.java:125)
[18:13:10] [main/INFO]: [java.lang.Throwable$WrappedPrintStream:println:749]: 	at cpw.mods.fml.common.asm.transformers.AccessTransformer.readMapFile(AccessTransformer.java:120)
[18:13:10] [main/INFO]: [java.lang.Throwable$WrappedPrintStream:println:749]: 	at cpw.mods.fml.common.asm.transformers.AccessTransformer.<init>(AccessTransformer.java:101)
[18:13:10] [main/INFO]: [java.lang.Throwable$WrappedPrintStream:println:749]: 	at cpw.mods.fml.common.asm.transformers.AccessTransformer.<init>(AccessTransformer.java:97)
[18:13:10] [main/INFO]: [java.lang.Throwable$WrappedPrintStream:println:749]: 	at sun.reflect.NativeConstructorAccessorImpl.newInstance0(Native Method)
[18:13:10] [main/INFO]: [java.lang.Throwable$WrappedPrintStream:println:749]: 	at sun.reflect.NativeConstructorAccessorImpl.newInstance(NativeConstructorAccessorImpl.java:62)
[18:13:10] [main/INFO]: [java.lang.Throwable$WrappedPrintStream:println:749]: 	at sun.reflect.DelegatingConstructorAccessorImpl.newInstance(DelegatingConstructorAccessorImpl.java:45)
[18:13:10] [main/INFO]: [java.lang.Throwable$WrappedPrintStream:println:749]: 	at java.lang.reflect.Constructor.newInstance(Constructor.java:423)
[18:13:10] [main/INFO]: [java.lang.Throwable$WrappedPrintStream:println:749]: 	at java.lang.Class.newInstance(Class.java:442)
[18:13:10] [main/INFO]: [java.lang.Throwable$WrappedPrintStream:println:749]: 	at net.minecraft.launchwrapper.LaunchClassLoader.registerTransformer(LaunchClassLoader.java:88)
[18:13:10] [main/INFO]: [java.lang.Throwable$WrappedPrintStream:println:749]: 	at cpw.mods.fml.common.launcher.FMLDeobfTweaker.injectIntoClassLoader(FMLDeobfTweaker.java:32)
[18:13:10] [main/INFO]: [java.lang.Throwable$WrappedPrintStream:println:749]: 	at net.minecraft.launchwrapper.Launch.launch(Launch.java:115)
[18:13:10] [main/INFO]: [java.lang.Throwable$WrappedPrintStream:println:749]: 	at net.minecraft.launchwrapper.Launch.main(Launch.java:28)
